<?xml version="1.0" encoding="UTF-8"?>
<!-- Generated by org.testng.reporters.JUnitReportReporter -->
<testsuite hostname="Guru" name="testng.PriorityTest" tests="3" failures="0" timestamp="26 Dec 2024 13:53:00 GMT" time="0.019" errors="0">
  <testcase name="one" time="0.003" classname="testng.PriorityTest"/>
  <testcase name="two" time="0.002" classname="testng.PriorityTest"/>
  <testcase name="three" time="0.014" classname="testng.PriorityTest"/>
</testsuite> <!-- testng.PriorityTest -->
