<?xml version="1.0" encoding="UTF-8"?>
<!-- Generated by org.testng.reporters.JUnitReportReporter -->
<testsuite hostname="Guru" name="testng.CrossBrowserTest" tests="1" failures="0" timestamp="26 Dec 2024 14:23:00 GMT" time="85.211" errors="0">
  <testcase name="login" time="85.211" classname="testng.CrossBrowserTest"/>
</testsuite> <!-- testng.CrossBrowserTest -->
