<?xml version="1.0" encoding="UTF-8"?>
<!-- Generated by org.testng.reporters.JUnitReportReporter -->
<testsuite hostname="Guru" name="testng.BasicTestNG" tests="2" failures="0" timestamp="23 Dec 2024 14:27:06 GMT" time="0.009" errors="0">
  <testcase name="firstTest" time="0.004" classname="testng.BasicTestNG"/>
  <testcase name="secondTest" time="0.005" classname="testng.BasicTestNG"/>
</testsuite> <!-- testng.BasicTestNG -->
