<?xml version="1.0" encoding="UTF-8"?>
<!-- Generated by org.testng.reporters.JUnitReportReporter -->
<testsuite hostname="Guru" name="lisnersTest.Login" tests="1" failures="0" timestamp="27 Dec 2024 14:25:58 GMT" time="41.939" errors="0">
  <testcase name="loginApplication" time="41.939" classname="lisnersTest.Login"/>
</testsuite> <!-- lisnersTest.Login -->
