<?xml version="1.0" encoding="UTF-8"?>
<!-- Generated by org.testng.reporters.JUnitReportReporter -->
<testsuite hostname="Guru" name="testng.DataProviderTest" tests="3" failures="0" timestamp="27 Dec 2024 14:11:17 GMT" time="71.176" errors="0">
  <testcase name="loginApplication" time="27.138" classname="testng.DataProviderTest"/>
  <testcase name="loginApplication" time="14.819" classname="testng.DataProviderTest"/>
  <testcase name="loginApplication" time="29.219" classname="testng.DataProviderTest"/>
</testsuite> <!-- testng.DataProviderTest -->
