<?xml version="1.0" encoding="UTF-8"?>
<!-- Generated by org.testng.reporters.JUnitReportReporter -->
<testsuite hostname="Guru" name="testng.WebDriverTestNG" tests="2" failures="0" timestamp="23 Dec 2024 14:27:06 GMT" time="12.518" errors="0">
  <testcase name="loginApplication" time="12.284" classname="testng.WebDriverTestNG"/>
  <testcase name="logoutApplication" time="0.234" classname="testng.WebDriverTestNG"/>
</testsuite> <!-- testng.WebDriverTestNG -->
