<?xml version="1.0" encoding="UTF-8"?>
<!-- Generated by org.testng.reporters.JUnitReportReporter -->
<testsuite hostname="Guru" name="testng.ParameterTest" tests="2" failures="0" timestamp="27 Dec 2024 14:01:13 GMT" time="64.832" errors="0">
  <testcase name="logoutApplication" time="0.222" classname="testng.ParameterTest"/>
  <testcase name="loginApplication" time="64.610" classname="testng.ParameterTest"/>
</testsuite> <!-- testng.ParameterTest -->
