<?xml version="1.0" encoding="UTF-8"?>
<!-- Generated by org.testng.reporters.JUnitReportReporter -->
<testsuite hostname="Guru" name="testng.AnnotationsTest" tests="2" failures="0" timestamp="23 Dec 2024 14:27:06 GMT" time="0.024" errors="0">
  <testcase name="test1" time="0.019" classname="testng.AnnotationsTest"/>
  <testcase name="test2" time="0.005" classname="testng.AnnotationsTest"/>
</testsuite> <!-- testng.AnnotationsTest -->
